<?xml version="1.0" encoding="UTF-8"?>
<testsuite name="is.aadoj.TicTacToe.TicTacToeTest" tests="2" skipped="0" failures="0" errors="0" timestamp="2014-10-29T21:27:27" hostname="Hreysi" time="0.016">
  <properties/>
  <testcase name="exampleTest" classname="is.aadoj.TicTacToe.TicTacToeTest" time="0.016"/>
  <testcase name="gameFinishedShouldReturnFalse" classname="is.aadoj.TicTacToe.TicTacToeTest" time="0.0"/>
  <system-out><![CDATA[]]></system-out>
  <system-err><![CDATA[]]></system-err>
</testsuite>
