<?xml version="1.0" encoding="UTF-8"?>
<testsuite name="is.aadoj.TicTacToe.TicTacToeTest" tests="1" skipped="0" failures="0" errors="0" timestamp="2014-10-29T21:28:05" hostname="Bjorns-MacBook-Pro.local" time="0.001">
  <properties/>
  <testcase name="playerOneWon" classname="is.aadoj.TicTacToe.TicTacToeTest" time="0.001"/>
  <system-out><![CDATA[]]></system-out>
  <system-err><![CDATA[]]></system-err>
</testsuite>
