<?xml version="1.0" encoding="UTF-8"?>
<testsuite name="is.aadoj.TicTacToe.TicTacToeTest" tests="14" skipped="0" failures="0" errors="0" timestamp="2014-10-31T14:16:17" hostname="Gudjons-MacBook-Pro.local" time="0.012">
  <properties/>
  <testcase name="insertCharWhereOccupiedByOpponent" classname="is.aadoj.TicTacToe.TicTacToeTest" time="0.0040"/>
  <testcase name="insertCharTest" classname="is.aadoj.TicTacToe.TicTacToeTest" time="0.0030"/>
  <testcase name="insertCharLocationOutOfBoundsCheckMessage" classname="is.aadoj.TicTacToe.TicTacToeTest" time="0.0"/>
  <testcase name="playerOneWon" classname="is.aadoj.TicTacToe.TicTacToeTest" time="0.0"/>
  <testcase name="insertCharWhereOccupiedCheckMessage" classname="is.aadoj.TicTacToe.TicTacToeTest" time="0.0"/>
  <testcase name="printBoardTest" classname="is.aadoj.TicTacToe.TicTacToeTest" time="0.0010"/>
  <testcase name="gameFinishedShouldReturnFalseAfterNoMove" classname="is.aadoj.TicTacToe.TicTacToeTest" time="0.0"/>
  <testcase name="insertCharWhereOccupiedBySelf" classname="is.aadoj.TicTacToe.TicTacToeTest" time="0.0010"/>
  <testcase name="insertCharLocationOutOfBoundsBelow" classname="is.aadoj.TicTacToe.TicTacToeTest" time="0.0"/>
  <testcase name="insertCharLocationOutOfBounds" classname="is.aadoj.TicTacToe.TicTacToeTest" time="0.0"/>
  <testcase name="gameFinishedShouldReturnTrueForDiagonalO048" classname="is.aadoj.TicTacToe.TicTacToeTest" time="0.0"/>
  <testcase name="gameFinishedShouldReturnTrueForDiagonalO246" classname="is.aadoj.TicTacToe.TicTacToeTest" time="0.0"/>
  <testcase name="gameFinishedShouldReturnTrueForDiagonalX048" classname="is.aadoj.TicTacToe.TicTacToeTest" time="0.0"/>
  <testcase name="gameFinishedShouldReturnTrueForDiagonalX246" classname="is.aadoj.TicTacToe.TicTacToeTest" time="0.0"/>
  <system-out><![CDATA[]]></system-out>
  <system-err><![CDATA[]]></system-err>
</testsuite>
