<?xml version="1.0" encoding="UTF-8"?>
<<<<<<< HEAD
<testsuite name="is.aadoj.TicTacToe.TicTacToeTest" tests="10" skipped="0" failures="0" errors="0" timestamp="2014-10-30T22:05:14" hostname="idea-PC" time="0.025">
  <properties/>
  <testcase name="insertCharWhereOccupiedByOpponent" classname="is.aadoj.TicTacToe.TicTacToeTest" time="0.019"/>
  <testcase name="insertCharTest" classname="is.aadoj.TicTacToe.TicTacToeTest" time="0.002"/>
  <testcase name="playerOneWon" classname="is.aadoj.TicTacToe.TicTacToeTest" time="0.0"/>
  <testcase name="printBoardTest" classname="is.aadoj.TicTacToe.TicTacToeTest" time="0.0"/>
  <testcase name="gameFinishedShouldReturnFalseAfterNoMove" classname="is.aadoj.TicTacToe.TicTacToeTest" time="0.0"/>
  <testcase name="insertCharWhereOccupiedBySelf" classname="is.aadoj.TicTacToe.TicTacToeTest" time="0.0"/>
  <testcase name="gameFinishedShouldReturnTrueForDiagonalO048" classname="is.aadoj.TicTacToe.TicTacToeTest" time="0.0"/>
=======
<testsuite name="is.aadoj.TicTacToe.TicTacToeTest" tests="9" skipped="0" failures="0" errors="0" timestamp="2014-10-30T22:22:04" hostname="Gudjons-MacBook-Pro.local" time="0.01">
  <properties/>
  <testcase name="insertCharWhereOccupiedByOpponent" classname="is.aadoj.TicTacToe.TicTacToeTest" time="0.0030"/>
  <testcase name="insertCharTest" classname="is.aadoj.TicTacToe.TicTacToeTest" time="0.0030"/>
  <testcase name="playerOneWon" classname="is.aadoj.TicTacToe.TicTacToeTest" time="0.0"/>
  <testcase name="printBoardTest" classname="is.aadoj.TicTacToe.TicTacToeTest" time="0.0"/>
  <testcase name="gameFinishedShouldReturnFalseAfterNoMove" classname="is.aadoj.TicTacToe.TicTacToeTest" time="0.0"/>
  <testcase name="gameFinishedShouldReturnTrueForDiagonalO048" classname="is.aadoj.TicTacToe.TicTacToeTest" time="0.0010"/>
>>>>>>> 9ac990a7453ccda5b5fb5a39b851d97d0d06e563
  <testcase name="gameFinishedShouldReturnTrueForDiagonalO246" classname="is.aadoj.TicTacToe.TicTacToeTest" time="0.0"/>
  <testcase name="gameFinishedShouldReturnTrueForDiagonalX048" classname="is.aadoj.TicTacToe.TicTacToeTest" time="0.0"/>
  <testcase name="gameFinishedShouldReturnTrueForDiagonalX246" classname="is.aadoj.TicTacToe.TicTacToeTest" time="0.0"/>
  <system-out><![CDATA[]]></system-out>
  <system-err><![CDATA[]]></system-err>
</testsuite>
