<?xml version="1.0" encoding="UTF-8"?>
<<<<<<< HEAD
<testsuite name="is.aadoj.TicTacToe.TicTacToeTest" tests="17" skipped="0" failures="0" errors="0" timestamp="2014-10-31T17:16:15" hostname="Hreysi" time="0.048">
=======
<<<<<<< HEAD
<testsuite name="is.aadoj.TicTacToe.TicTacToeTest" tests="16" skipped="0" failures="0" errors="0" timestamp="2014-10-31T15:39:08" hostname="Gudjons-MacBook-Pro.local" time="0.013">
  <properties/>
  <testcase name="insertCharWhereOccupiedByOpponent" classname="is.aadoj.TicTacToe.TicTacToeTest" time="0.0030"/>
  <testcase name="insertCharTest" classname="is.aadoj.TicTacToe.TicTacToeTest" time="0.0030"/>
  <testcase name="gameEndsInTie" classname="is.aadoj.TicTacToe.TicTacToeTest" time="0.0"/>
=======
<testsuite name="is.aadoj.TicTacToe.TicTacToeTest" tests="16" skipped="0" failures="0" errors="0" timestamp="2014-10-31T16:42:33" hostname="i-19525abd" time="0.074">
>>>>>>> a594dda25f921d51e88fd7f65900ee262a49445f
  <properties/>
  <testcase name="insertCharWhereOccupiedByOpponent" classname="is.aadoj.TicTacToe.TicTacToeTest" time="0.012"/>
  <testcase name="insertCharTest" classname="is.aadoj.TicTacToe.TicTacToeTest" time="0.01"/>
  <testcase name="gameFinishedShouldReturnFalseAfterSpecialCaseMove" classname="is.aadoj.TicTacToe.TicTacToeTest" time="0.0"/>
  <testcase name="gameEndsInTie" classname="is.aadoj.TicTacToe.TicTacToeTest" time="0.001"/>
>>>>>>> 9fdaf8e6b6ba60cd675549282a4e332c6f11c16f
  <testcase name="insertCharLocationOutOfBoundsCheckMessage" classname="is.aadoj.TicTacToe.TicTacToeTest" time="0.0"/>
  <testcase name="insertCharWhereOccupiedCheckMessage" classname="is.aadoj.TicTacToe.TicTacToeTest" time="0.0"/>
  <testcase name="printBoardTest" classname="is.aadoj.TicTacToe.TicTacToeTest" time="0.001"/>
  <testcase name="gameFinishedShouldReturnFalseAfterNoMove" classname="is.aadoj.TicTacToe.TicTacToeTest" time="0.0"/>
  <testcase name="playerOneWonTest" classname="is.aadoj.TicTacToe.TicTacToeTest" time="0.0"/>
  <testcase name="playerTwoWonTest" classname="is.aadoj.TicTacToe.TicTacToeTest" time="0.0"/>
  <testcase name="insertCharWhereOccupiedBySelf" classname="is.aadoj.TicTacToe.TicTacToeTest" time="0.0"/>
  <testcase name="insertCharLocationOutOfBoundsBelow" classname="is.aadoj.TicTacToe.TicTacToeTest" time="0.0"/>
<<<<<<< HEAD
  <testcase name="insertCharLocationOutOfBounds" classname="is.aadoj.TicTacToe.TicTacToeTest" time="0.0"/>
  <testcase name="gameFinishedShouldReturnTrueForDiagonalO048" classname="is.aadoj.TicTacToe.TicTacToeTest" time="0.001"/>
  <testcase name="gameFinishedShouldReturnTrueForDiagonalO246" classname="is.aadoj.TicTacToe.TicTacToeTest" time="0.0"/>
  <testcase name="gameFinishedShouldReturnTrueForDiagonalX048" classname="is.aadoj.TicTacToe.TicTacToeTest" time="0.002"/>
  <testcase name="gameFinishedShouldReturnTrueForDiagonalX246" classname="is.aadoj.TicTacToe.TicTacToeTest" time="0.001"/>
=======
  <testcase name="insertCharLocationOutOfBounds" classname="is.aadoj.TicTacToe.TicTacToeTest" time="0.0010"/>
  <testcase name="gameFinishedShouldReturnTrueForDiagonalO048" classname="is.aadoj.TicTacToe.TicTacToeTest" time="0.0"/>
  <testcase name="gameFinishedShouldReturnTrueForDiagonalO246" classname="is.aadoj.TicTacToe.TicTacToeTest" time="0.001"/>
  <testcase name="gameFinishedShouldReturnTrueForDiagonalX048" classname="is.aadoj.TicTacToe.TicTacToeTest" time="0.0"/>
  <testcase name="gameFinishedShouldReturnTrueForDiagonalX246" classname="is.aadoj.TicTacToe.TicTacToeTest" time="0.0"/>
>>>>>>> a594dda25f921d51e88fd7f65900ee262a49445f
  <system-out><![CDATA[]]></system-out>
  <system-err><![CDATA[]]></system-err>
</testsuite>
