<?xml version="1.0" encoding="UTF-8"?>
<testsuite name="is.aadoj.TicTacToe.TicTacToeTest" tests="7" skipped="0" failures="0" errors="0" timestamp="2014-10-30T17:22:33" hostname="Hreysi" time="0.02">
  <properties/>
  <testcase name="insertCharTest" classname="is.aadoj.TicTacToe.TicTacToeTest" time="0.011"/>
  <testcase name="gameFinishedShouldReturnFalse" classname="is.aadoj.TicTacToe.TicTacToeTest" time="0.001"/>
  <testcase name="playerOneWon" classname="is.aadoj.TicTacToe.TicTacToeTest" time="0.0"/>
  <testcase name="gameFinishedShouldReturnTrueForDiagonalO048" classname="is.aadoj.TicTacToe.TicTacToeTest" time="0.0"/>
  <testcase name="gameFinishedShouldReturnTrueForDiagonalO246" classname="is.aadoj.TicTacToe.TicTacToeTest" time="0.0"/>
  <testcase name="gameFinishedShouldReturnTrueForDiagonalX048" classname="is.aadoj.TicTacToe.TicTacToeTest" time="0.0"/>
  <testcase name="gameFinishedShouldReturnTrueForDiagonalX246" classname="is.aadoj.TicTacToe.TicTacToeTest" time="0.0"/>
  <system-out><![CDATA[]]></system-out>
  <system-err><![CDATA[]]></system-err>
</testsuite>
