<?xml version="1.0" encoding="UTF-8"?>
<testsuite name="is.aadoj.TicTacToe.TicTacToeTest" tests="3" skipped="0" failures="0" errors="0" timestamp="2014-10-30T19:00:49" hostname="Sisso-PC" time="0.007">
  <properties/>
  <testcase name="insertCharTest" classname="is.aadoj.TicTacToe.TicTacToeTest" time="0.006"/>
  <testcase name="gameFinishedShouldReturnFalse" classname="is.aadoj.TicTacToe.TicTacToeTest" time="0.0"/>
  <testcase name="playerOneWon" classname="is.aadoj.TicTacToe.TicTacToeTest" time="0.0"/>
  <system-out><![CDATA[]]></system-out>
  <system-err><![CDATA[]]></system-err>
</testsuite>
